<?xml version="1.0" encoding="UTF-8"?>
<!-- Generated by org.testng.reporters.JUnitReportReporter -->
<testsuite hostname="DESKTOP-CU5DURS" failures="0" tests="1" name="com.Testng.practice.PractiseTest" time="0.026" errors="0" timestamp="18 Jul 2022 10:12:10 GMT" skipped="0">
  <testcase classname="com.Testng.practice.PractiseTest" name="practise1" time="0.026"/>
</testsuite> <!-- com.Testng.practice.PractiseTest -->
