<?xml version="1.0" encoding="UTF-8"?>
<!-- Generated by org.testng.reporters.JUnitReportReporter -->
<testsuite hostname="DESKTOP-CU5DURS" failures="0" tests="1" name="com.Testng.practice.Practice2Test" time="0.021" errors="0" timestamp="18 Jul 2022 10:58:38 GMT" skipped="0">
  <testcase classname="com.Testng.practice.Practice2Test" name="Demo" time="0.021"/>
</testsuite> <!-- com.Testng.practice.Practice2Test -->
